Feb 17, 2023 2:46:54 PM org.ssglobal.training.codes.MathOps divide
INFO: start of method divide() with parameters: x=10 y=2
Feb 17, 2023 2:46:54 PM org.ssglobal.training.codes.MathOps divide
INFO: end of method divide() with parameters: x=10 y=2
Feb 17, 2023 2:46:54 PM org.ssglobal.training.codes.MathOps divide
INFO: start of method divide() with parameters: x=10 y=0
Feb 17, 2023 2:46:54 PM org.ssglobal.training.codes.MathOps divide
SEVERE: division by zero error
Feb 17, 2023 2:46:54 PM org.ssglobal.training.codes.MathOps displayArray
INFO: start of method displayArray() with parameter: arrData=[10, 20, 30, 40]
Feb 17, 2023 2:46:54 PM org.ssglobal.training.codes.MathOps displayArray
INFO: end of method displayArray() with parameter: arrData=[10, 20, 30, 40]
Feb 17, 2023 2:46:54 PM org.ssglobal.training.codes.MathOps displayArray
INFO: start of method displayArray() with parameter: arrData=null
Feb 17, 2023 2:46:54 PM org.ssglobal.training.codes.MathOps displayArray
SEVERE: Cannot read the array length because "arrData" is null
Feb 17, 2023 2:46:54 PM org.ssglobal.training.codes.MathOps displayArray
INFO: end of method displayArray() with parameter: arrData=null
Feb 17, 2023 2:46:54 PM org.ssglobal.training.codes.MathOps add
INFO: start of method divide() with parameters: x=2 y=3
Feb 17, 2023 2:46:54 PM org.ssglobal.training.codes.MathOps add
WARNING: using custom Date() object. DEPCRECATED
Feb 17, 2023 2:46:54 PM org.ssglobal.training.codes.MathOps add
INFO: end of method divide() with parameters: x=2 y=3
